  Renderer.cpp
D:\CG\projects\RayTracingInOneWeek\Global.h(20,21): warning C4244: “初始化”: 从“double”转换到“float”，可能丢失数据
D:\CG\projects\RayTracingInOneWeek\Scene.h(18,25): warning C4267: “return”: 从“size_t”转换到“int”，可能丢失数据
D:\CG\projects\RayTracingInOneWeek\Scene.h(22,26): warning C4267: “return”: 从“size_t”转换到“int”，可能丢失数据
D:\CG\projects\RayTracingInOneWeek\ConsoleNotifier.h(13,17): warning C4244: “初始化”: 从“double”转换到“int”，可能丢失数据
D:\CG\projects\RayTracingInOneWeek\Renderer.cpp(43,21): warning C4018: “<”: 有符号/无符号不匹配
  Scene.cpp
D:\CG\projects\RayTracingInOneWeek\Global.h(20,21): warning C4244: “初始化”: 从“double”转换到“float”，可能丢失数据
D:\CG\projects\RayTracingInOneWeek\Scene.h(18,25): warning C4267: “return”: 从“size_t”转换到“int”，可能丢失数据
D:\CG\projects\RayTracingInOneWeek\Scene.h(22,26): warning C4267: “return”: 从“size_t”转换到“int”，可能丢失数据
D:\CG\projects\RayTracingInOneWeek\Scene.cpp(145,44): warning C4244: “参数”: 从“const _Ty”转换到“float”，可能丢失数据
          with
          [
              _Ty=double
          ]
D:\CG\projects\RayTracingInOneWeek\Scene.cpp(151,31): warning C4244: “参数”: 从“const _Ty”转换到“float”，可能丢失数据
          with
          [
              _Ty=double
          ]
D:\CG\projects\RayTracingInOneWeek\Scene.cpp(152,16): warning C4244: “参数”: 从“double”转换到“float”，可能丢失数据
  Sphere.cpp
D:\CG\projects\RayTracingInOneWeek\Global.h(20,21): warning C4244: “初始化”: 从“double”转换到“float”，可能丢失数据
  Triangle.cpp
D:\CG\projects\RayTracingInOneWeek\Global.h(20,21): warning C4244: “初始化”: 从“double”转换到“float”，可能丢失数据
  main.cpp
D:\CG\projects\RayTracingInOneWeek\Global.h(20,21): warning C4244: “初始化”: 从“double”转换到“float”，可能丢失数据
D:\CG\projects\RayTracingInOneWeek\Scene.h(18,25): warning C4267: “return”: 从“size_t”转换到“int”，可能丢失数据
D:\CG\projects\RayTracingInOneWeek\Scene.h(22,26): warning C4267: “return”: 从“size_t”转换到“int”，可能丢失数据
D:\CG\projects\RayTracingInOneWeek\ConsoleNotifier.h(13,17): warning C4244: “初始化”: 从“double”转换到“int”，可能丢失数据
  正在生成代码
  25 of 326 functions ( 7.7%) were compiled, the rest were copied from previous compilation.
    4 functions were new in current compilation
    13 functions had inline decision re-evaluated but remain unchanged
  已完成代码的生成
  RayTracingInOneWeek.vcxproj -> D:\CG\projects\RayTracingInOneWeek\bin\Release-x64\RayTracingInOneWeek\RayTracingInOneWeek.exe
